Mon 01 Dec 2025 22:16:30 INFO  
General Hyper Parameters:
gpu_id = 0
use_gpu = True
seed = 2023
state = INFO
reproducibility = True
data_path = src\NLGCL\dataset\game
checkpoint_dir = 
show_progress = True
save_dataset = True
dataset_save_path = None
save_dataloaders = True
dataloaders_save_path = None
log_wandb = False

Training Hyper Parameters:
epochs = 80
train_batch_size = 8192
learner = adam
learning_rate = 0.001
train_neg_sample_args = {'distribution': 'uniform', 'sample_num': 1, 'alpha': 1.0, 'dynamic': False, 'candidate_num': 0}
eval_step = 1
stopping_step = 30
clip_grad_norm = None
weight_decay = 0.0
loss_decimal_place = 4

Evaluation Hyper Parameters:
eval_args = {'split': {'RS': [0.8, 0.1, 0.1]}, 'order': 'RO', 'group_by': 'user', 'mode': {'valid': 'full', 'test': 'full'}}
repeatable = False
metrics = ['Recall', 'NDCG']
topk = [5, 10, 15]
valid_metric = NDCG@10
valid_metric_bigger = True
eval_batch_size = 4096
metric_decimal_place = 4

Dataset Hyper Parameters:
field_separator = 	
seq_separator =  
USER_ID_FIELD = user
ITEM_ID_FIELD = app_id
RATING_FIELD = rating
TIME_FIELD = timestamp
seq_len = None
LABEL_FIELD = label
threshold = None
NEG_PREFIX = neg_
load_col = {'inter': ['user', 'app_id']}
unload_col = None
unused_col = None
additional_feat_suffix = None
rm_dup_inter = None
val_interval = None
filter_inter_by_user_or_item = True
user_inter_num_interval = [0,inf)
item_inter_num_interval = [0,inf)
alias_of_user_id = None
alias_of_item_id = None
alias_of_entity_id = None
alias_of_relation_id = None
preload_weight = None
normalize_field = None
normalize_all = None
ITEM_LIST_LENGTH_FIELD = item_length
LIST_SUFFIX = _list
MAX_ITEM_LIST_LENGTH = 50
POSITION_FIELD = position_id
HEAD_ENTITY_ID_FIELD = head_id
TAIL_ENTITY_ID_FIELD = tail_id
RELATION_ID_FIELD = relation_id
ENTITY_ID_FIELD = entity_id
benchmark_filename = None

Other Hyper Parameters: 
worker = 0
wandb_project = recbole
shuffle = True
require_pow = False
enable_amp = False
enable_scaler = False
transform = None
numerical_features = []
discretization = None
kg_reverse_r = False
entity_kg_num_interval = [0,inf)
relation_kg_num_interval = [0,inf)
MODEL_TYPE = ModelType.GENERAL
embedding_size = 64
n_layers = 2
reg_weight = 0.0001
cl_temp = 0.2
alpha = 0.4
cl_reg = 1e-05
warm_up_step = 40
log_dir = src\NLGCL\logs
MODEL_INPUT_TYPE = InputType.PAIRWISE
eval_type = EvaluatorType.RANKING
single_spec = True
local_rank = 0
device = cuda
valid_neg_sample_args = {'distribution': 'uniform', 'sample_num': 'none'}
test_neg_sample_args = {'distribution': 'uniform', 'sample_num': 'none'}


Mon 01 Dec 2025 22:16:49 WARNING  In inter_feat, line [6624560, 6624561, 6624562, 6624563, 6624564, 6624565, 6624566, 6624567, 6624568, 6624569, 6624570, 6624571, 6624572, 6624573, 6624574, 6624575, 6624576, 6624577, 6624578, 6624579, 6624580, 6624581, 6624582, 6624583, 6624584, 6624585, 6624586, 6624587, 6624588, 6624589, 6624590, 6624591, 6624592, 6624593, 6624594, 6624595, 6624596, 6624597, 6624598, 6624599, 6624600, 6624601, 6624602, 6624603, 6624604, 6624605, 6624606, 6624607, 6624608, 6624609, 6624610, 6624611, 6624612, 6624613, 6624614, 6624615, 6624616, 6624617, 6624618, 6624619, 6624620, 6624621, 6624622, 6624623, 6624624, 6624625, 6624626, 6624627, 6624628, 6624629, 6624630, 6624631, 6624632, 6624633, 6624634, 6624635, 6624636, 6624637, 6624638, 6624639, 6624640, 6624641, 6624642, 6624643, 6624644, 6624645, 6624646, 6624647, 6624648, 6624649, 6624650, 6624651, 6624652, 6624653, 6624654, 6624655, 6624656, 6624657, 6624658, 6624659, 6624660, 6624661, 6624662, 6624663, 6624664, 6624665, 6624666, 6624667, 6624668, 6624669, 6624670, 6624671, 6624672, 6624673, 6624674, 6624675, 6624676, 6624677, 6624678, 6624679, 6624680, 6624681, 6624682, 6624683, 6624684, 6624685, 6624686, 6624687, 6624688, 6624689, 6624690, 6624691, 6624692, 6624693, 6624694, 6624695, 6624696, 6624697, 6624698, 6624699, 6624700, 6624701, 6624702, 6624703, 6624704, 6624705, 6624706, 6624707, 6624708, 6624709, 6624710, 6624711, 6624712, 6624713, 6624714, 6624715, 6624716, 6624717, 6624718, 6624719, 6624720, 6624721, 6624722, 6624723, 6624724, 6624725, 6624726, 6624727, 6624728, 6624729, 6624730, 6624731, 6624732, 6624733, 6624734, 6624735, 6624736, 6624737, 6624738, 6624739, 6624740, 6624741, 6624742, 6624743, 6624744, 6624745, 6624746, 6624747, 6624748, 6624749, 6624750, 6624751, 6631251, 6631252, 6631253, 6631254, 6631255, 6631256, 6631257, 6631258, 6631259, 6631260, 6631261, 6631262, 6631263, 6631264, 6631265, 6631266, 6631267, 6631268, 6631269, 6631270, 6631271, 6631272, 6631273, 6631274, 6631275, 6631276, 6631277, 6631278, 6631279, 6631280, 6631281, 6631282, 6631283, 6631284, 6631285, 6631286, 6631287, 6631288, 6631289, 6631290, 6631291, 6631292, 6631293, 6631294, 6631295, 6631296, 6631297, 6631298, 6631299, 6631300, 6631301, 6631302, 6631303, 6631304, 6631305, 6664817, 6664818, 6664819, 6664820, 6664821, 6664822, 6664823, 6664824, 6664825, 6664826, 6664827, 6664828, 6664829, 6664830, 6664831, 6664832, 6664833, 6664834, 6664835, 6664836, 6664837, 6664838, 6664839, 6664840, 6664841, 6664842, 6664843, 6664844, 6664845, 6664846, 6664847, 6664848, 6664849, 6664850, 6664851, 6664852, 6664853, 6664854, 6664855, 6664856, 6664857, 6664858, 6664859, 6664860, 6664861, 6664862, 6664863, 6664864, 6664865, 6664866, 6664867, 6664868, 6664869, 6664870, 6664871, 6664872, 6664873, 6664874, 6664875, 6664876, 6664877, 6664878, 6664879, 6664880, 6664881, 6664882, 6664883, 6664884, 6664885, 6664886, 6664887, 6664888, 6664889, 6664890, 6664891, 6664892, 6664893, 6664894, 6664895, 6664896, 6664897, 6664898, 6664899, 6664900, 6664901, 6664902, 6664903, 6664904, 6664905, 6664906, 6664907, 6664908, 6664909, 6664910, 6664911, 6664912, 6664913, 6664914, 6664915, 6664916, 6664917, 6664918, 6664919, 6664920, 6664921, 6664922, 6664923, 6664924, 6664925, 6664926, 6664927, 6664928, 6664929, 6664930, 6664931, 6664932, 6664933, 6664934, 6664935, 6664936, 6664937, 6664938, 6664939, 6664940, 6664941, 6664942, 6664943, 6664944, 6664945, 6664946, 6664947, 6664948, 6664949, 6664950, 6664951, 6664952, 6664953, 6664954, 6664955, 6664956, 6664957, 6664958, 6664959, 6664960, 6664961, 6664962, 6664963, 6664964, 6664965, 6664966, 6664967, 6664968, 6664969, 6664970, 6664971, 6664972, 6664973, 6664974, 6664975, 6664976, 6664977, 6664978, 6664979, 6664980, 6664981, 6664982, 6664983, 6664984, 6664985, 6664986, 6664987, 6664988, 6664989, 6664990, 6664991, 6664992, 6664993, 6664994, 6664995, 6664996, 6664997, 6664998, 6664999, 6665000, 6665001, 6665002, 6665003, 6665004, 6665005, 6665006, 6665007, 6665008, 6665009, 6665010, 6668550, 6668551, 6668552, 6668553, 6668554, 6668555, 6668556, 6668557, 6668558, 6668559, 6668560, 6668561, 6668562, 6668563, 6668564, 6668565, 6668566, 6668567, 6668568, 6668569, 6668570, 6668571, 6668572, 6668573, 6668574, 6668575, 6668576, 6668577, 6668578, 6668579, 6668580, 6668581, 6668582, 6668583, 6668584, 6668585, 6668586, 6668587, 6668588, 6668589, 6668590, 6668591, 6668592, 6668593, 6668594, 6668595, 6668596, 6668597, 6668598, 6668599, 6668600, 6668601, 6668602, 6668603, 6668604, 6668605, 6668606, 6668607, 6668608, 6668609, 6668610, 6668611, 6668612, 6668613, 6668614, 6668615, 6668616, 6668617, 6668618, 6668619, 6668620, 6668621, 6668622, 6668623, 6668624, 6668625, 6668626, 6668627, 6668628, 6668629, 6668630, 6668631, 6668632, 6668633, 6668634, 6668635, 6668636, 6668637, 6668638, 6668639, 6668640, 6668641, 6668642, 6930843, 6930844, 6930845, 6930846, 6930847, 6930848, 6930849, 6930850, 6930851, 6930852, 6930853, 6930854, 6930855, 6930856, 6930857, 6930858, 6930859, 6930860, 6930861, 6930862, 6930863, 6930864, 6930865, 6930866, 6930867, 6930868, 6930869, 6930870, 6930871, 6930872, 6930873, 6930874, 6930875, 6930876, 6930877, 6930878, 6930879, 6930880, 6930881, 6930882, 6930883, 6930884, 6930885, 6930886, 6930887, 6930888, 6930889, 6930890, 6930891, 6930892, 6930893, 6930894, 6930895, 6930896, 6930897, 6930898, 6930899, 6930900, 6930901, 6930902, 6930903, 6930904, 6930905, 6930906, 6930907, 6930908, 6930909, 6930910, 6930911, 6930912, 6930913, 6930914, 6930915, 6930916, 6930917, 6930918, 6930919, 6930920, 6930921, 6930922, 6930923, 6930924, 6930925, 6930926, 6930927, 6930928, 6930929, 6930930, 6930931, 6930932, 6930933, 6930934, 6930935, 6930936, 6930937, 6930938, 6930939, 6930940, 6930941, 6930942, 6930943, 6930944, 6930945, 6930946, 6930947, 6930948, 6930949, 6930950, 6930951, 6930952, 6930953, 6930954, 6930955, 6930956, 6930957, 6930958, 6930959, 6930960, 6930961, 6930962, 6930963, 6930964, 6930965, 6930966, 6930967, 6930968, 6930969, 6930970, 6930971, 6930972, 6930973, 6930974, 6930975, 6930976, 6930977, 6930978, 6930979, 6930980, 6930981, 6930982, 6930983, 6930984, 6930985, 6930986, 6930987, 6930988, 6930989, 6930990, 6930991, 6930992, 6930993, 6930994, 6930995, 6930996, 6930997, 6930998, 6930999, 6931000, 6931001, 6931002, 6931003, 6931004, 6931005, 6931006, 6931007, 6931008, 6931009, 6931010, 6931011, 6931012, 6931013, 6931014, 6931015, 6931016, 6931017, 6931018, 6931019, 6931020, 6931021, 6931022, 6931023, 6931024, 6931025, 6931026, 6931027, 6931028, 6931029, 6931030, 6931031, 6931032, 6931033, 6931034, 6931035, 6931036, 6931037, 6931038, 6931039, 6931040, 6931041, 6931042, 6931043, 6931044, 6931045, 6931046, 6931047, 6931048, 6931049, 6931050, 6931051, 6931052, 6931053, 6931054, 6931055, 6931056, 6931057, 6931058, 6931059, 6931060, 6931061, 6931062, 6931063, 6931064, 6931065, 6931066, 6931067, 6931068, 6931069, 12586518, 12586519, 12586520, 12586521, 12586522, 12586523, 12586524, 12586525, 12586526, 12586527, 12586528, 12586529, 12586530, 12586531, 12586532, 12586533, 12586534, 12586535, 12586536, 12586537, 12586538, 12586539, 12586540, 12586541, 12586542, 12586543, 12586544, 12597570, 12597571, 12597572, 12597573, 12597574, 12597575, 12597576, 12597577, 12597578, 12597579, 12597580, 12597581, 12597582, 12597583, 12597584, 12597585, 12597586, 12597587, 12597588, 12597589, 12597590, 12597591, 12597592, 12597593, 12597594, 12597595, 12597596, 12597597, 12597598, 12597599, 12597600, 12597601, 12597602, 12597603, 12597604, 12597605, 12597606, 12597607, 12597608, 12597609, 12597610, 12597611, 12597612, 12597613, 12597614, 12597615, 12597616, 12597617, 12597618, 12597619, 12597620, 12597621, 12597622, 12597623, 12597624, 12597625, 12597626, 12597627, 12684362, 12684363, 12684364, 12684365, 12684366, 12684367, 12684368, 12684369, 12684370, 12684371, 12684372, 12684373, 12684374, 12684375, 12684376, 12684377, 12684378, 12684379, 12684380, 12684381, 12684382, 12684383, 12684384, 12684385, 12684386, 12684387, 12684388, 12684389, 12684390, 12684391, 12684392, 12684393, 12684394, 12684395, 12684396, 12684397, 12684398, 12684399, 12684400, 12684401, 12684402, 12684403, 12684404, 12684405, 12684406, 12684407, 12684408, 12684409, 12684410, 12684411, 12684412, 12684413, 12684414, 12684415, 12684416, 12684417, 12684418, 12684419, 12684420, 12684421, 12684422, 12684423, 12684424, 12684425, 12684426, 12684427, 12684428, 12684429, 12684430, 12684431, 12684432, 12684433, 12684434, 12684435, 12684436, 12684437, 12684438, 12684439, 12684440, 12684441, 12684442, 12684443, 12684444, 12684445, 12684446, 12684447, 12684448, 12684449, 12684450, 12684451, 12684452, 12684453, 12684454, 12684455, 12684456, 12684457, 12684458, 12684459, 12684460, 12684461, 12684462, 12684463, 12684464, 12684465, 12684466, 12684467, 12684468, 12684469, 12684470, 12684471, 12684472, 12684473, 12684474, 12684475, 12684476, 12684477, 12684478, 12684479, 12684480, 12684481, 12684482, 12684483, 12684484, 12684485, 12684486, 12684487, 12684488, 12684489, 12684490, 12684491, 12684492, 12684493, 12684494, 12684495, 12684496, 12684497, 12684498, 12684499, 12684500, 12684501, 12684502, 12684503, 12684504, 12684505, 12684506, 12684507, 12684508, 12684509, 12684510, 12684511, 12684512, 12684513, 12684514, 12684515, 12684516, 12684517, 12684518, 12684519, 12684520, 12684521, 12684522, 12684523, 12684524, 12684525, 12684526, 12684527, 12684528, 12684529, 12684530, 12684531, 12684532, 12684533, 12684534, 12684535, 12684536, 12684537, 12684538, 12684539, 12684540, 12684541, 12684542, 12684543, 12684544, 12684545, 12684546, 12684547, 12684548, 12684549, 12684550, 12684551, 12684552, 12684553, 12684554, 12684555, 12684556, 12684557, 12684558, 12684559, 12684560, 12684561, 12684562, 12684563, 12684564, 12684565, 12684566, 12684567, 12684568, 12684569, 12684570, 12684571, 12684572, 12684573, 12684574, 12684575, 12684576, 12684577, 12684578, 12684579, 12684580, 12684581, 12684582, 12684583, 12684584, 12684585, 12684586, 12684587, 12684588, 12684589, 12684590, 12684591, 12684592, 12684593, 12684594, 12684595, 12684596, 12684597, 12684598, 12684599, 12684600, 12684601, 12684602, 12684603, 12684604, 12684605, 12684606, 12684607, 12684608, 12684609, 12684610, 12684611, 12684612, 12684613, 12684614, 12684615, 12684616, 12684617, 12684618, 12684619, 12684620, 12684621, 12684622, 12684623, 12684624, 12684625, 12684626, 12684627, 12684628, 12684629, 12684630, 12684631, 12684632, 12684633, 12684634, 12684635, 12684636, 12684637, 12684638, 12684639, 12684640, 12684641, 12684642, 12684643, 12684644, 12684645, 12684646, 12684647, 12684648, 12684649, 12684650, 12684651, 12684652, 12684653, 12684654, 12684655, 12684656, 12684657, 12684658, 12684659, 12684660, 12684661, 12684662, 12684663, 12684664, 12684665, 12684666, 12684667, 12684668, 12684669, 12684670, 12684671, 12684672, 12684673, 12684674, 12684675, 12684676, 12684677, 12684678, 12684679, 12684680, 12684681, 12684682, 12684683, 12684684, 12684685, 12684686, 12684687, 12684688, 12684689, 12684690, 12684691, 12684692, 12684693, 12684694, 12684695, 12684696, 12684697, 12684698, 12684699, 12684700, 12684701, 12684702, 12684703, 12684704, 12684705, 12684706, 12684707, 12684708, 12684709, 12684710, 12684711, 12684712, 12684713, 12684714, 12684715, 12684716, 12684717, 12684718, 12684719, 12684720, 12684721, 12684722, 12684723, 12684724, 12684725, 12684726, 12684727, 12684728, 12684729, 12684730, 12684731, 12684732, 12684733, 12684734, 12684735, 12684736, 12684737, 12684738, 12684739, 12684740, 12684741, 12684742, 12684743, 12684744, 12684745, 12684746, 12684747, 12684748, 12684749, 12684750, 12684751, 12684752, 12684753, 12684754, 12684755, 12684756, 12684757, 12684758, 12684759, 12684760, 12684761, 12684762, 12684763, 12684764, 12684765, 12684766, 12684767, 12684768, 12684769, 12684770, 12684771, 12684772, 12684773, 12684774, 12684775, 12684776, 12684777, 12684778, 12684779, 12684780, 12684781, 12684782, 12684783, 12684784, 12684785, 12684786, 12684787, 12684788, 12684789, 12684790, 12684791, 12684792, 12684793, 12684794, 12684795, 12684796, 12684797, 12684798, 12684799, 12684800, 12684801, 12684802, 12684803, 12684804, 12684805, 12684806, 12684807, 12684808, 12684809, 12684810, 12684811, 12684812, 12684813, 12684814, 12684815, 12684816, 12684817, 12684818, 12684819, 12684820, 12684821, 12684822, 12684823, 12684824, 12684825, 12684826, 12684827, 12684828, 12684829, 12684830, 12684831, 12684832, 12684833, 12684834, 12684835, 12684836, 12684837, 12684838, 12684839, 12684840, 12684841, 12684842, 12684843, 12684844, 12684845, 12684846, 12684847, 12684848, 12684849, 12684850, 12684851, 12684852, 12684853, 12684854, 12684855, 12684856, 12684857, 12684858, 12684859, 12684860, 12684861, 12684862, 12684863, 12684864, 12684865, 12684866, 12684867, 12684868, 12684869, 12684870, 12684871, 12684872, 12684873, 12684874, 12684875, 12684876, 12684877, 12684878, 12684879, 12684880, 12684881, 12684882, 12684883, 12684884, 12684885, 12684886, 12684887, 12684888, 12684889, 12684890, 12684891, 12684892, 12684893, 12684894, 12684895, 12684896, 12684897, 12684898, 12684899, 12684900, 12684901, 12684902, 12684903, 12684904, 12684905, 12684906, 12684907, 12684908, 12684909, 12684910, 12684911, 12684912, 12684913, 12684914, 12684915, 12684916, 12684917, 12684918, 12684919, 12684920, 12684921, 12684922, 12684923, 12684924, 12684925, 12684926, 12684927, 12684928, 12684929, 12684930, 12684931, 12684932, 12684933, 12684934, 12684935, 12684936, 12684937, 12684938, 12684939, 12684940, 12684941, 12684942, 12684943, 12684944, 12684945, 12684946, 12684947, 12684948, 12684949, 12684950, 12684951, 12684952, 12684953, 12684954, 12684955, 12684956, 12684957, 12684958, 12684959, 12684960, 12684961, 12684962, 12684963, 12684964, 12684965, 12684966, 12684967, 12684968, 12684969, 12684970, 12684971, 12684972, 12684973, 12684974, 12684975, 12684976, 12684977, 12684978, 12684979, 12684980, 12684981, 12684982, 12684983, 12684984, 12684985, 12684986, 12684987, 12684988, 12684989, 12684990, 12684991, 12684992, 12684993, 12684994, 12684995, 12684996, 12684997, 12684998, 12684999, 12685000, 12685001, 12685002, 12685003, 12685004, 12685005, 12685006, 12685007, 12685008, 12685009, 12685010, 12685011, 12685012, 12685013, 12685014, 12685015, 12685016, 12685017, 12685018, 12685019, 12685020, 12685021, 12685022, 12685023, 12685024, 12685025, 12685026, 12685027, 12685028, 12685029, 12685030, 12685031, 12685032, 12685033, 12685034, 12685035, 12685036, 12685037, 12685038, 12685039, 12685040, 12685041, 12685042, 12685043, 12685044, 12685045, 12685046, 12685047, 12685048, 12685049, 12685050, 12685051, 12685052, 12685053, 12685054, 12685055, 12685056, 12685057, 12685058, 12685059, 12685060, 12685061, 12685062, 12685063, 12685064, 12685065, 12685066, 12685067, 12685068, 12685069, 12685070, 12685071, 12685072, 12685073, 12685074, 12685075, 12685076, 12685077, 12685078, 12685079, 12685080, 12685081, 12685082, 12685083, 12685084, 12685085, 12685086, 12685087, 12685088, 12685089, 12685090, 12685091, 12685092, 12685093, 12685094, 12685095, 12685096, 12685097, 12685098, 12685099, 12685100, 12685101, 12685102, 12685103, 12685104, 12685105, 12685106, 12685107, 12685108, 12685109, 12685110, 12685111, 12685112, 12685113, 12685114, 12685115, 12685116, 12685117, 12685118, 12685119, 12685120, 12685121, 12685122, 12685123, 12685124, 12685125, 12685126, 12685127, 12685128, 12685129, 12685130, 12685131, 12685132, 12685133, 12685134, 12685135, 12685136, 12685137, 12685138, 12685139, 12685140, 12685141, 12685142, 12685143, 12685144, 12685145, 12685146, 12685147, 12685148, 12685149, 12685150, 12685151, 12685152, 12685153, 12685154, 12685155, 12685156, 12685157, 12685158, 12685159, 12685160, 12685161, 12685162, 12685163, 12685164, 12685165, 12685166, 12685167, 12685168, 12685169, 12685170, 12685171, 12685172, 12685173, 12685174, 12685175, 12685176, 12685177, 12685178, 12685179, 12685180, 12685181, 12685182, 12685183, 12685184, 12685185, 12685186, 12685187, 12685188, 12685189, 12685190, 12685191, 12685192, 12685193, 12685194, 12685195, 12685196, 12685197, 12685198, 12685199, 12685200, 12685201, 12685202, 12685203, 12685204, 12685205, 12685206, 12685207, 12685208, 12685209, 12685210, 12685211, 12685212, 12685213, 12685214, 12685215, 12685216, 12685217, 12685218, 12685219, 12685220, 12685221, 12685222, 12685223, 12685224, 12685225, 12685226, 12685227, 12685228, 12685229, 12685230, 12685231, 12685232, 12685233, 12685234, 12685235, 12685236, 12685237, 12685238, 12685239, 12685240, 12685241, 12685242, 12685243, 12685244, 12685245, 12685246, 12685247, 12685248, 12685249, 12685250, 12685251, 12685252, 12685253, 12685254, 12685255, 12685256, 12685257, 12685258, 12685259, 12685260, 12685261, 12685262, 12685263, 12685264, 12685265, 12685266, 12685267, 12685268, 12685269, 12685270, 12685271, 12685272, 12685273, 12685274, 12685275, 12685276, 12685277, 12685278, 12685279, 12685280, 12685281, 12685282, 12685283, 12685284, 12685285, 12685286], user do not exist, so they will be removed.
